<?xml version="1.0" encoding="UTF-8"?>
<!-- Generated by org.testng.reporters.JUnitXMLReporter -->
<testsuite ignored="3" hostname="TAPASs-MacBook-Air.local" failures="0" tests="1" name="Test3" time="25.681" errors="0" timestamp="2023-01-20T20:04:17 IST">
  <testcase classname="extentReport.TestClass" name="testOrangeHrm" time="18.589"/>
  <testcase classname="extentReport.TestClass" name="testSwitchTab" time="0.0">
    <ignored/>
  </testcase> <!-- testSwitchTab -->
  <testcase classname="extentReport.TestClass" name="testFacebook" time="0.0">
    <ignored/>
  </testcase> <!-- testFacebook -->
  <testcase classname="extentReport.TestClass" name="testGmail" time="0.0">
    <ignored/>
  </testcase> <!-- testGmail -->
</testsuite> <!-- Test3 -->
