<?xml version="1.0" encoding="UTF-8"?>
<!-- Generated by org.testng.reporters.JUnitXMLReporter -->
<testsuite ignored="3" hostname="TAPASs-MacBook-Air.local" failures="1" tests="1" name="Test1" time="19.862" errors="0" timestamp="2023-01-20T20:02:50 IST">
  <testcase classname="extentReport.TestClass" name="testGmail" time="11.053">
    <failure type="java.lang.AssertionError" message="Title is not matched expected [Gmail] but found [Gmail: Private and secure email at no cost | Google Workspace]">
      <![CDATA[java.lang.AssertionError: Title is not matched expected [Gmail] but found [Gmail: Private and secure email at no cost | Google Workspace]
at extentReport.TestClass.testGmail(TestClass.java:21)
at java.base/java.util.ArrayList.forEach(ArrayList.java:1511)
... Removed 32 stack frames]]>
    </failure>
  </testcase> <!-- testGmail -->
  <testcase classname="extentReport.TestClass" name="testSwitchTab" time="0.0">
    <ignored/>
  </testcase> <!-- testSwitchTab -->
  <testcase classname="extentReport.TestClass" name="testFacebook" time="0.0">
    <ignored/>
  </testcase> <!-- testFacebook -->
  <testcase classname="extentReport.TestClass" name="testOrangeHrm" time="0.0">
    <ignored/>
  </testcase> <!-- testOrangeHrm -->
</testsuite> <!-- Test1 -->
