<?xml version="1.0" encoding="UTF-8"?>
<!-- Generated by org.testng.reporters.JUnitXMLReporter -->
<testsuite ignored="2" hostname="TAPASs-MacBook-Air.local" failures="1" tests="1" name="testFacebook" time="18.705" errors="0" timestamp="2023-01-16T17:22:41 IST">
  <testcase classname="screenshot.TestClassForScreenShot" name="testFacebook" time="12.947">
    <failure type="java.lang.AssertionError" message="Log in to Facebook expected:&amp;lt;Log in to Facebook&amp;gt; but was:&amp;lt;Title is mismatched&amp;gt;">
      <![CDATA[java.lang.AssertionError: Log in to Facebook expected:<Log in to Facebook> but was:<Title is mismatched>
at screenshot.TestClassForScreenShot.testFacebook(TestClassForScreenShot.java:39)
at java.base/java.util.ArrayList.forEach(ArrayList.java:1511)
... Removed 28 stack frames]]>
    </failure>
  </testcase> <!-- testFacebook -->
  <testcase classname="screenshot.TestClassForScreenShot" name="testGmail" time="0.0">
    <ignored/>
  </testcase> <!-- testGmail -->
  <testcase classname="screenshot.TestClassForScreenShot" name="testOrangeHrm" time="0.0">
    <ignored/>
  </testcase> <!-- testOrangeHrm -->
</testsuite> <!-- testFacebook -->
