<?xml version="1.0" encoding="UTF-8"?>
<!-- Generated by org.testng.reporters.JUnitXMLReporter -->
<testsuite ignored="3" hostname="TAPASs-MacBook-Air.local" failures="1" tests="1" name="Test2" time="60.862" errors="0" timestamp="2023-01-20T20:03:51 IST">
  <testcase classname="extentReport.TestClass" name="testFacebook" time="13.53">
    <failure type="java.lang.AssertionError" message="Error expected:&amp;lt;Log in to Facebook&amp;gt; but was:&amp;lt;Title is mismatched&amp;gt;">
      <![CDATA[java.lang.AssertionError: Error expected:<Log in to Facebook> but was:<Title is mismatched>
at extentReport.TestClass.testFacebook(TestClass.java:41)
at java.base/java.util.ArrayList.forEach(ArrayList.java:1511)
... Removed 28 stack frames]]>
    </failure>
  </testcase> <!-- testFacebook -->
  <testcase classname="extentReport.TestClass" name="testSwitchTab" time="0.0">
    <ignored/>
  </testcase> <!-- testSwitchTab -->
  <testcase classname="extentReport.TestClass" name="testGmail" time="0.0">
    <ignored/>
  </testcase> <!-- testGmail -->
  <testcase classname="extentReport.TestClass" name="testOrangeHrm" time="0.0">
    <ignored/>
  </testcase> <!-- testOrangeHrm -->
</testsuite> <!-- Test2 -->
