<?xml version="1.0" encoding="UTF-8"?>
<!-- Generated by org.testng.reporters.JUnitXMLReporter -->
<testsuite ignored="2" hostname="TAPASs-MacBook-Air.local" failures="0" tests="1" name="testOrangeHrm" time="91.496" errors="0" timestamp="2023-01-16T17:24:12 IST">
  <testcase classname="screenshot.TestClassForScreenShot" name="testOrangeHrm" time="86.762"/>
  <testcase classname="screenshot.TestClassForScreenShot" name="testFacebook" time="0.0">
    <ignored/>
  </testcase> <!-- testFacebook -->
  <testcase classname="screenshot.TestClassForScreenShot" name="testGmail" time="0.0">
    <ignored/>
  </testcase> <!-- testGmail -->
</testsuite> <!-- testOrangeHrm -->
