<?xml version="1.0" encoding="UTF-8"?>
<!-- Generated by org.testng.reporters.JUnitXMLReporter -->
<testsuite ignored="2" hostname="TAPASs-MacBook-Air.local" failures="0" tests="3" name="OrangeHRMVerifyLogout" time="27.064" errors="0" timestamp="2023-01-12T16:26:16 IST">
  <testcase classname="testpackage.OrangeHRM" name="launchApp" time="4.192"/>
  <testcase classname="testpackage.OrangeHRM" name="enterCredentials" time="6.527"/>
  <testcase classname="testpackage.OrangeHRM" name="verifyLogOut" time="8.721"/>
  <testcase classname="testpackage.OrangeHRM" name="verifyMyInfo" time="0.0">
    <ignored/>
  </testcase> <!-- verifyMyInfo -->
  <testcase classname="testpackage.OrangeHRM" name="navigateToMyInfo" time="0.0">
    <ignored/>
  </testcase> <!-- navigateToMyInfo -->
</testsuite> <!-- OrangeHRMVerifyLogout -->
