<?xml version="1.0" encoding="UTF-8"?>
<!-- Generated by org.testng.reporters.JUnitXMLReporter -->
<testsuite ignored="2" hostname="TAPASs-MacBook-Air.local" failures="0" tests="2" name="OrangeHRMLogin" time="13.922" errors="0" timestamp="2022-12-07T21:59:13 IST">
  <testcase classname="testpackage.OrangeHRM" name="launchApp" time="2.805"/>
  <testcase classname="testpackage.OrangeHRM" name="enterCredentials" time="3.918"/>
  <testcase classname="testpackage.OrangeHRM" name="verifyMyInfo" time="0.0">
    <ignored/>
  </testcase> <!-- verifyMyInfo -->
  <testcase classname="testpackage.OrangeHRM" name="navigateToMyInfo" time="0.0">
    <ignored/>
  </testcase> <!-- navigateToMyInfo -->
</testsuite> <!-- OrangeHRMLogin -->
