<?xml version="1.0" encoding="UTF-8"?>
<!-- Generated by org.testng.reporters.JUnitXMLReporter -->
<testsuite ignored="0" hostname="TAPASs-MacBook-Air.local" failures="0" tests="4" name="OrangeHRMLoginInfo" time="17.079" errors="0" timestamp="2022-12-07T21:59:31 IST">
  <testcase classname="testpackage.OrangeHRM" name="launchApp" time="2.946"/>
  <testcase classname="testpackage.OrangeHRM" name="enterCredentials" time="3.265"/>
  <testcase classname="testpackage.OrangeHRM" name="navigateToMyInfo" time="5.564"/>
  <testcase classname="testpackage.OrangeHRM" name="verifyMyInfo" time="0.869"/>
</testsuite> <!-- OrangeHRMLoginInfo -->
