<?xml version="1.0" encoding="UTF-8"?>
<!-- Generated by org.testng.reporters.JUnitXMLReporter -->
<testsuite ignored="4" hostname="TAPASs-MacBook-Air.local" failures="0" tests="6" name="grouping1" time="0.024" errors="0" timestamp="2022-12-13T19:55:06 IST">
  <testcase classname="testpackage.NewTestGroups" name="test2" time="0.003"/>
  <testcase classname="testpackage.NewTestGroups" name="test3" time="0.0"/>
  <testcase classname="testpackage.NewTestG2" name="test6" time="0.0"/>
  <testcase classname="testpackage.NewTestG2" name="test7" time="0.0"/>
  <testcase classname="testpackage.NewTestG2" name="test8" time="0.0"/>
  <testcase classname="testpackage.NewTestG2" name="test9" time="0.0"/>
  <testcase classname="testpackage.NewTestG2" name="test10" time="0.0">
    <ignored/>
  </testcase> <!-- test10 -->
  <testcase classname="testpackage.NewTestGroups" name="test5" time="0.0">
    <ignored/>
  </testcase> <!-- test5 -->
  <testcase classname="testpackage.NewTestGroups" name="test4" time="0.0">
    <ignored/>
  </testcase> <!-- test4 -->
  <testcase classname="testpackage.NewTestGroups" name="test1" time="0.0">
    <ignored/>
  </testcase> <!-- test1 -->
</testsuite> <!-- grouping1 -->
